Determining if the pthread_create exist failed with the following output:
Change Dir: /metamoto/catkin_ws/build/CMakeFiles/CMakeTmp

Run Build Command:"/usr/bin/make" "cmTC_426e6/fast"
/usr/bin/make -f CMakeFiles/cmTC_426e6.dir/build.make CMakeFiles/cmTC_426e6.dir/build
make[1]: Entering directory '/metamoto/catkin_ws/build/CMakeFiles/CMakeTmp'
Building C object CMakeFiles/cmTC_426e6.dir/CheckSymbolExists.c.o
/usr/bin/cc     -o CMakeFiles/cmTC_426e6.dir/CheckSymbolExists.c.o   -c /metamoto/catkin_ws/build/CMakeFiles/CMakeTmp/CheckSymbolExists.c
Linking C executable cmTC_426e6
/usr/bin/cmake -E cmake_link_script CMakeFiles/cmTC_426e6.dir/link.txt --verbose=1
/usr/bin/cc       CMakeFiles/cmTC_426e6.dir/CheckSymbolExists.c.o  -o cmTC_426e6 -rdynamic 
CMakeFiles/cmTC_426e6.dir/CheckSymbolExists.c.o: In function `main':
CheckSymbolExists.c:(.text+0x16): undefined reference to `pthread_create'
collect2: error: ld returned 1 exit status
CMakeFiles/cmTC_426e6.dir/build.make:97: recipe for target 'cmTC_426e6' failed
make[1]: *** [cmTC_426e6] Error 1
make[1]: Leaving directory '/metamoto/catkin_ws/build/CMakeFiles/CMakeTmp'
Makefile:126: recipe for target 'cmTC_426e6/fast' failed
make: *** [cmTC_426e6/fast] Error 2

File /metamoto/catkin_ws/build/CMakeFiles/CMakeTmp/CheckSymbolExists.c:
/* */
#include <pthread.h>

int main(int argc, char** argv)
{
  (void)argv;
#ifndef pthread_create
  return ((int*)(&pthread_create))[argc];
#else
  (void)argc;
  return 0;
#endif
}

Determining if the function pthread_create exists in the pthreads failed with the following output:
Change Dir: /metamoto/catkin_ws/build/CMakeFiles/CMakeTmp

Run Build Command:"/usr/bin/make" "cmTC_54fe8/fast"
/usr/bin/make -f CMakeFiles/cmTC_54fe8.dir/build.make CMakeFiles/cmTC_54fe8.dir/build
make[1]: Entering directory '/metamoto/catkin_ws/build/CMakeFiles/CMakeTmp'
Building C object CMakeFiles/cmTC_54fe8.dir/CheckFunctionExists.c.o
/usr/bin/cc    -DCHECK_FUNCTION_EXISTS=pthread_create   -o CMakeFiles/cmTC_54fe8.dir/CheckFunctionExists.c.o   -c /usr/share/cmake-3.5/Modules/CheckFunctionExists.c
Linking C executable cmTC_54fe8
/usr/bin/cmake -E cmake_link_script CMakeFiles/cmTC_54fe8.dir/link.txt --verbose=1
/usr/bin/cc   -DCHECK_FUNCTION_EXISTS=pthread_create    CMakeFiles/cmTC_54fe8.dir/CheckFunctionExists.c.o  -o cmTC_54fe8 -rdynamic -lpthreads 
/usr/bin/ld: cannot find -lpthreads
collect2: error: ld returned 1 exit status
CMakeFiles/cmTC_54fe8.dir/build.make:97: recipe for target 'cmTC_54fe8' failed
make[1]: *** [cmTC_54fe8] Error 1
make[1]: Leaving directory '/metamoto/catkin_ws/build/CMakeFiles/CMakeTmp'
Makefile:126: recipe for target 'cmTC_54fe8/fast' failed
make: *** [cmTC_54fe8/fast] Error 2


